app/build/intermediates/manifest_merge_blame_file/debug/manifest-merger-blame-debug-report.txt
1<?xml version="1.0" encoding="utf-8"?>
2<manifest xmlns:android="http://schemas.android.com/apk/res/android"
3    package="com.sot.adslib"
4    android:versionCode="1"
5    android:versionName="1.0" >
6
7    <uses-sdk
8        android:minSdkVersion="23"
9        android:targetSdkVersion="34" />
10
11    <uses-permission android:name="android.permission.INTERNET" />
11-->[:SOTAdLib] AndroidManifest.xml:8:5-67
11-->[:SOTAdLib] AndroidManifest.xml:8:22-64
12    <uses-permission android:name="android.permission.ACCESS_NETWORK_STATE" />
12-->[:SOTAdLib] AndroidManifest.xml:9:5-79
12-->[:SOTAdLib] AndroidManifest.xml:9:22-76
13
14    <queries>
14-->[com.facebook.android:audience-network-sdk:6.11.0] AndroidManifest.xml:11:5-13:15
15        <package android:name="com.facebook.katana" />
15-->[com.facebook.android:audience-network-sdk:6.11.0] AndroidManifest.xml:12:9-55
15-->[com.facebook.android:audience-network-sdk:6.11.0] AndroidManifest.xml:12:18-52
16        <!-- For browser content -->
17        <intent>
17-->[com.google.android.gms:play-services-ads-api:24.2.0] AndroidManifest.xml:38:9-44:18
18            <action android:name="android.intent.action.VIEW" />
18-->[com.google.android.gms:play-services-ads-api:24.2.0] AndroidManifest.xml:39:13-65
18-->[com.google.android.gms:play-services-ads-api:24.2.0] AndroidManifest.xml:39:21-62
19
20            <category android:name="android.intent.category.BROWSABLE" />
20-->[com.google.android.gms:play-services-ads-api:24.2.0] AndroidManifest.xml:41:13-74
20-->[com.google.android.gms:play-services-ads-api:24.2.0] AndroidManifest.xml:41:23-71
21
22            <data android:scheme="https" />
22-->[com.google.android.gms:play-services-ads-api:24.2.0] AndroidManifest.xml:43:13-44
22-->[com.google.android.gms:play-services-ads-api:24.2.0] AndroidManifest.xml:43:19-41
23        </intent> <!-- End of browser content -->
24        <!-- For CustomTabsService -->
25        <intent>
25-->[com.google.android.gms:play-services-ads-api:24.2.0] AndroidManifest.xml:47:9-49:18
26            <action android:name="android.support.customtabs.action.CustomTabsService" />
26-->[com.google.android.gms:play-services-ads-api:24.2.0] AndroidManifest.xml:48:13-90
26-->[com.google.android.gms:play-services-ads-api:24.2.0] AndroidManifest.xml:48:21-87
27        </intent> <!-- End of CustomTabsService -->
28        <!-- For MRAID capabilities -->
29        <intent>
29-->[com.google.android.gms:play-services-ads-api:24.2.0] AndroidManifest.xml:52:9-56:18
30            <action android:name="android.intent.action.INSERT" />
30-->[com.google.android.gms:play-services-ads-api:24.2.0] AndroidManifest.xml:53:13-67
30-->[com.google.android.gms:play-services-ads-api:24.2.0] AndroidManifest.xml:53:21-64
31
32            <data android:mimeType="vnd.android.cursor.dir/event" />
32-->[com.google.android.gms:play-services-ads-api:24.2.0] AndroidManifest.xml:43:13-44
33        </intent>
34        <intent>
34-->[com.google.android.gms:play-services-ads-api:24.2.0] AndroidManifest.xml:57:9-61:18
35            <action android:name="android.intent.action.VIEW" />
35-->[com.google.android.gms:play-services-ads-api:24.2.0] AndroidManifest.xml:39:13-65
35-->[com.google.android.gms:play-services-ads-api:24.2.0] AndroidManifest.xml:39:21-62
36
37            <data android:scheme="sms" />
37-->[com.google.android.gms:play-services-ads-api:24.2.0] AndroidManifest.xml:43:13-44
37-->[com.google.android.gms:play-services-ads-api:24.2.0] AndroidManifest.xml:43:19-41
38        </intent>
39        <intent>
39-->[com.google.android.gms:play-services-ads-api:24.2.0] AndroidManifest.xml:62:9-66:18
40            <action android:name="android.intent.action.DIAL" />
40-->[com.google.android.gms:play-services-ads-api:24.2.0] AndroidManifest.xml:63:13-65
40-->[com.google.android.gms:play-services-ads-api:24.2.0] AndroidManifest.xml:63:21-62
41
42            <data android:path="tel:" />
42-->[com.google.android.gms:play-services-ads-api:24.2.0] AndroidManifest.xml:43:13-44
43        </intent>
44    </queries>
45
46    <uses-permission android:name="android.permission.ACCESS_ADSERVICES_AD_ID" />
46-->[com.google.android.gms:play-services-ads-api:24.2.0] AndroidManifest.xml:27:5-82
46-->[com.google.android.gms:play-services-ads-api:24.2.0] AndroidManifest.xml:27:22-79
47    <uses-permission android:name="android.permission.ACCESS_ADSERVICES_ATTRIBUTION" />
47-->[com.google.android.gms:play-services-ads-api:24.2.0] AndroidManifest.xml:28:5-88
47-->[com.google.android.gms:play-services-ads-api:24.2.0] AndroidManifest.xml:28:22-85
48    <uses-permission android:name="android.permission.ACCESS_ADSERVICES_TOPICS" />
48-->[com.google.android.gms:play-services-ads-api:24.2.0] AndroidManifest.xml:29:5-83
48-->[com.google.android.gms:play-services-ads-api:24.2.0] AndroidManifest.xml:29:22-80
49    <uses-permission android:name="android.permission.WAKE_LOCK" />
49-->[com.google.android.gms:play-services-measurement-sdk-api:20.1.2] AndroidManifest.xml:25:5-68
49-->[com.google.android.gms:play-services-measurement-sdk-api:20.1.2] AndroidManifest.xml:25:22-65
50    <uses-permission android:name="android.permission.FOREGROUND_SERVICE" />
50-->[androidx.work:work-runtime:2.7.0] AndroidManifest.xml:28:5-77
50-->[androidx.work:work-runtime:2.7.0] AndroidManifest.xml:28:22-74
51
52    <permission
52-->[androidx.core:core:1.13.1] AndroidManifest.xml:22:5-24:47
53        android:name="com.sot.adslib.DYNAMIC_RECEIVER_NOT_EXPORTED_PERMISSION"
53-->[androidx.core:core:1.13.1] AndroidManifest.xml:23:9-81
54        android:protectionLevel="signature" />
54-->[androidx.core:core:1.13.1] AndroidManifest.xml:24:9-44
55
56    <uses-permission android:name="com.sot.adslib.DYNAMIC_RECEIVER_NOT_EXPORTED_PERMISSION" />
56-->[androidx.core:core:1.13.1] AndroidManifest.xml:26:5-97
56-->[androidx.core:core:1.13.1] AndroidManifest.xml:26:22-94
57
58    <application
58-->src\main\AndroidManifest.xml:5:4-34:19
59        android:allowBackup="true"
59-->src\main\AndroidManifest.xml:6:9-35
60        android:appComponentFactory="androidx.core.app.CoreComponentFactory"
60-->[androidx.core:core:1.13.1] AndroidManifest.xml:28:18-86
61        android:dataExtractionRules="@xml/data_extraction_rules"
61-->src\main\AndroidManifest.xml:7:9-65
62        android:debuggable="true"
63        android:extractNativeLibs="false"
64        android:fullBackupContent="@xml/backup_rules"
64-->src\main\AndroidManifest.xml:8:9-54
65        android:icon="@drawable/app_icon"
65-->src\main\AndroidManifest.xml:9:9-42
66        android:label="@string/app_name"
66-->src\main\AndroidManifest.xml:10:9-41
67        android:roundIcon="@drawable/app_icon"
67-->src\main\AndroidManifest.xml:11:9-47
68        android:supportsRtl="true"
68-->src\main\AndroidManifest.xml:12:9-35
69        android:testOnly="true"
70        android:theme="@style/Theme.SOTAdsLibrary" >
70-->src\main\AndroidManifest.xml:13:9-51
71        <meta-data
71-->src\main\AndroidManifest.xml:15:9-17:70
72            android:name="com.google.android.gms.ads.APPLICATION_ID"
72-->src\main\AndroidManifest.xml:16:13-69
73            android:value="ca-app-pub-3940256099942544~3347511713" />
73-->src\main\AndroidManifest.xml:17:13-67
74
75        <activity
75-->src\main\AndroidManifest.xml:19:9-21:40
76            android:name="com.sot.adslib.FinalActivity"
76-->src\main\AndroidManifest.xml:20:13-42
77            android:exported="false" />
77-->src\main\AndroidManifest.xml:21:13-37
78        <activity
78-->src\main\AndroidManifest.xml:22:9-30:20
79            android:name="com.sot.adslib.SOTStartTestActivity"
79-->src\main\AndroidManifest.xml:23:13-49
80            android:exported="true" >
80-->src\main\AndroidManifest.xml:24:13-36
81            <intent-filter>
81-->src\main\AndroidManifest.xml:25:13-29:29
82                <action android:name="android.intent.action.MAIN" />
82-->src\main\AndroidManifest.xml:26:17-69
82-->src\main\AndroidManifest.xml:26:25-66
83
84                <category android:name="android.intent.category.LAUNCHER" />
84-->src\main\AndroidManifest.xml:28:17-77
84-->src\main\AndroidManifest.xml:28:27-74
85            </intent-filter>
86        </activity>
87
88        <meta-data
88-->src\main\AndroidManifest.xml:31:9-33:37
89            android:name="com.google.android.gms.ads.flag.NATIVE_AD_DEBUGGER_ENABLED"
89-->src\main\AndroidManifest.xml:32:13-86
90            android:value="false" />
90-->src\main\AndroidManifest.xml:33:13-34
91
92        <activity
92-->[:SOTAdLib] AndroidManifest.xml:15:9-18:52
93            android:name="com.manual.mediation.library.sotadlib.activities.LanguageScreenOne"
93-->[:SOTAdLib] AndroidManifest.xml:16:13-94
94            android:exported="false"
94-->[:SOTAdLib] AndroidManifest.xml:17:13-37
95            android:screenOrientation="portrait" />
95-->[:SOTAdLib] AndroidManifest.xml:18:13-49
96        <activity
96-->[:SOTAdLib] AndroidManifest.xml:19:9-22:52
97            android:name="com.manual.mediation.library.sotadlib.activities.LanguageScreenDup"
97-->[:SOTAdLib] AndroidManifest.xml:20:13-94
98            android:exported="false"
98-->[:SOTAdLib] AndroidManifest.xml:21:13-37
99            android:screenOrientation="portrait" />
99-->[:SOTAdLib] AndroidManifest.xml:22:13-49
100        <activity
100-->[:SOTAdLib] AndroidManifest.xml:23:9-26:52
101            android:name="com.manual.mediation.library.sotadlib.activities.WelcomeScreenOne"
101-->[:SOTAdLib] AndroidManifest.xml:24:13-93
102            android:exported="true"
102-->[:SOTAdLib] AndroidManifest.xml:25:13-36
103            android:screenOrientation="portrait" />
103-->[:SOTAdLib] AndroidManifest.xml:26:13-49
104        <activity
104-->[:SOTAdLib] AndroidManifest.xml:27:9-30:52
105            android:name="com.manual.mediation.library.sotadlib.activities.WelcomeScreenDup"
105-->[:SOTAdLib] AndroidManifest.xml:28:13-93
106            android:exported="true"
106-->[:SOTAdLib] AndroidManifest.xml:29:13-36
107            android:screenOrientation="portrait" />
107-->[:SOTAdLib] AndroidManifest.xml:30:13-49
108        <activity
108-->[:SOTAdLib] AndroidManifest.xml:31:9-34:52
109            android:name="com.manual.mediation.library.sotadlib.activities.WalkThroughConfigActivity"
109-->[:SOTAdLib] AndroidManifest.xml:32:13-102
110            android:exported="true"
110-->[:SOTAdLib] AndroidManifest.xml:33:13-36
111            android:screenOrientation="portrait" />
111-->[:SOTAdLib] AndroidManifest.xml:34:13-49
112
113        <meta-data
113-->[:SOTAdLib] AndroidManifest.xml:36:9-38:57
114            android:name="preloaded_fonts"
114-->[:SOTAdLib] AndroidManifest.xml:37:13-43
115            android:resource="@array/preloaded_fonts" />
115-->[:SOTAdLib] AndroidManifest.xml:38:13-54
116
117        <activity
117-->[com.facebook.android:audience-network-sdk:6.11.0] AndroidManifest.xml:19:9-23:75
118            android:name="com.facebook.ads.AudienceNetworkActivity"
118-->[com.facebook.android:audience-network-sdk:6.11.0] AndroidManifest.xml:20:13-68
119            android:configChanges="keyboardHidden|orientation|screenSize"
119-->[com.facebook.android:audience-network-sdk:6.11.0] AndroidManifest.xml:21:13-74
120            android:exported="false"
120-->[com.facebook.android:audience-network-sdk:6.11.0] AndroidManifest.xml:22:13-37
121            android:theme="@android:style/Theme.Translucent.NoTitleBar" />
121-->[com.facebook.android:audience-network-sdk:6.11.0] AndroidManifest.xml:23:13-72
122
123        <provider
123-->[com.facebook.android:audience-network-sdk:6.11.0] AndroidManifest.xml:25:9-28:40
124            android:name="com.facebook.ads.AudienceNetworkContentProvider"
124-->[com.facebook.android:audience-network-sdk:6.11.0] AndroidManifest.xml:26:13-75
125            android:authorities="com.sot.adslib.AudienceNetworkContentProvider"
125-->[com.facebook.android:audience-network-sdk:6.11.0] AndroidManifest.xml:27:13-82
126            android:exported="false" /> <!-- Include the AdActivity and InAppPurchaseActivity configChanges and themes. -->
126-->[com.facebook.android:audience-network-sdk:6.11.0] AndroidManifest.xml:28:13-37
127        <activity
127-->[com.google.android.gms:play-services-ads-api:24.2.0] AndroidManifest.xml:73:9-78:43
128            android:name="com.google.android.gms.ads.AdActivity"
128-->[com.google.android.gms:play-services-ads-api:24.2.0] AndroidManifest.xml:74:13-65
129            android:configChanges="keyboard|keyboardHidden|orientation|screenLayout|uiMode|screenSize|smallestScreenSize"
129-->[com.google.android.gms:play-services-ads-api:24.2.0] AndroidManifest.xml:75:13-122
130            android:exported="false"
130-->[com.google.android.gms:play-services-ads-api:24.2.0] AndroidManifest.xml:76:13-37
131            android:theme="@android:style/Theme.Translucent" />
131-->[com.google.android.gms:play-services-ads-api:24.2.0] AndroidManifest.xml:77:13-61
132
133        <provider
133-->[com.google.android.gms:play-services-ads-api:24.2.0] AndroidManifest.xml:80:9-85:43
134            android:name="com.google.android.gms.ads.MobileAdsInitProvider"
134-->[com.google.android.gms:play-services-ads-api:24.2.0] AndroidManifest.xml:81:13-76
135            android:authorities="com.sot.adslib.mobileadsinitprovider"
135-->[com.google.android.gms:play-services-ads-api:24.2.0] AndroidManifest.xml:82:13-73
136            android:exported="false"
136-->[com.google.android.gms:play-services-ads-api:24.2.0] AndroidManifest.xml:83:13-37
137            android:initOrder="100" />
137-->[com.google.android.gms:play-services-ads-api:24.2.0] AndroidManifest.xml:84:13-36
138
139        <service
139-->[com.google.android.gms:play-services-ads-api:24.2.0] AndroidManifest.xml:87:9-91:43
140            android:name="com.google.android.gms.ads.AdService"
140-->[com.google.android.gms:play-services-ads-api:24.2.0] AndroidManifest.xml:88:13-64
141            android:enabled="true"
141-->[com.google.android.gms:play-services-ads-api:24.2.0] AndroidManifest.xml:89:13-35
142            android:exported="false" />
142-->[com.google.android.gms:play-services-ads-api:24.2.0] AndroidManifest.xml:90:13-37
143
144        <activity
144-->[com.google.android.gms:play-services-ads-api:24.2.0] AndroidManifest.xml:93:9-97:43
145            android:name="com.google.android.gms.ads.OutOfContextTestingActivity"
145-->[com.google.android.gms:play-services-ads-api:24.2.0] AndroidManifest.xml:94:13-82
146            android:configChanges="keyboard|keyboardHidden|orientation|screenLayout|uiMode|screenSize|smallestScreenSize"
146-->[com.google.android.gms:play-services-ads-api:24.2.0] AndroidManifest.xml:95:13-122
147            android:exported="false" />
147-->[com.google.android.gms:play-services-ads-api:24.2.0] AndroidManifest.xml:96:13-37
148        <activity
148-->[com.google.android.gms:play-services-ads-api:24.2.0] AndroidManifest.xml:98:9-105:43
149            android:name="com.google.android.gms.ads.NotificationHandlerActivity"
149-->[com.google.android.gms:play-services-ads-api:24.2.0] AndroidManifest.xml:99:13-82
150            android:excludeFromRecents="true"
150-->[com.google.android.gms:play-services-ads-api:24.2.0] AndroidManifest.xml:100:13-46
151            android:exported="false"
151-->[com.google.android.gms:play-services-ads-api:24.2.0] AndroidManifest.xml:101:13-37
152            android:launchMode="singleTask"
152-->[com.google.android.gms:play-services-ads-api:24.2.0] AndroidManifest.xml:102:13-44
153            android:taskAffinity=""
153-->[com.google.android.gms:play-services-ads-api:24.2.0] AndroidManifest.xml:103:13-36
154            android:theme="@android:style/Theme.Translucent.NoTitleBar" />
154-->[com.google.android.gms:play-services-ads-api:24.2.0] AndroidManifest.xml:104:13-72
155
156        <meta-data
156-->[com.google.android.gms:play-services-ads-api:24.2.0] AndroidManifest.xml:107:9-109:36
157            android:name="com.google.android.gms.ads.flag.OPTIMIZE_AD_LOADING"
157-->[com.google.android.gms:play-services-ads-api:24.2.0] AndroidManifest.xml:108:13-79
158            android:value="true" />
158-->[com.google.android.gms:play-services-ads-api:24.2.0] AndroidManifest.xml:109:13-33
159        <meta-data
159-->[com.google.android.gms:play-services-ads-api:24.2.0] AndroidManifest.xml:110:9-112:36
160            android:name="com.google.android.gms.ads.flag.OPTIMIZE_INITIALIZATION"
160-->[com.google.android.gms:play-services-ads-api:24.2.0] AndroidManifest.xml:111:13-83
161            android:value="true" />
161-->[com.google.android.gms:play-services-ads-api:24.2.0] AndroidManifest.xml:112:13-33
162
163        <activity
163-->[com.google.android.gms:play-services-base:18.0.0] AndroidManifest.xml:20:9-22:45
164            android:name="com.google.android.gms.common.api.GoogleApiActivity"
164-->[com.google.android.gms:play-services-base:18.0.0] AndroidManifest.xml:20:19-85
165            android:exported="false"
165-->[com.google.android.gms:play-services-base:18.0.0] AndroidManifest.xml:22:19-43
166            android:theme="@android:style/Theme.Translucent.NoTitleBar" />
166-->[com.google.android.gms:play-services-base:18.0.0] AndroidManifest.xml:21:19-78
167
168        <meta-data
168-->[com.google.android.gms:play-services-basement:18.4.0] AndroidManifest.xml:6:9-122
169            android:name="com.google.android.gms.version"
169-->[com.google.android.gms:play-services-basement:18.4.0] AndroidManifest.xml:6:20-65
170            android:value="@integer/google_play_services_version" />
170-->[com.google.android.gms:play-services-basement:18.4.0] AndroidManifest.xml:6:66-119
171
172        <provider
172-->[androidx.emoji2:emoji2:1.3.0] AndroidManifest.xml:24:9-32:20
173            android:name="androidx.startup.InitializationProvider"
173-->[androidx.emoji2:emoji2:1.3.0] AndroidManifest.xml:25:13-67
174            android:authorities="com.sot.adslib.androidx-startup"
174-->[androidx.emoji2:emoji2:1.3.0] AndroidManifest.xml:26:13-68
175            android:exported="false" >
175-->[androidx.emoji2:emoji2:1.3.0] AndroidManifest.xml:27:13-37
176            <meta-data
176-->[androidx.emoji2:emoji2:1.3.0] AndroidManifest.xml:29:13-31:52
177                android:name="androidx.emoji2.text.EmojiCompatInitializer"
177-->[androidx.emoji2:emoji2:1.3.0] AndroidManifest.xml:30:17-75
178                android:value="androidx.startup" />
178-->[androidx.emoji2:emoji2:1.3.0] AndroidManifest.xml:31:17-49
179            <meta-data
179-->[androidx.work:work-runtime:2.7.0] AndroidManifest.xml:36:13-38:52
180                android:name="androidx.work.WorkManagerInitializer"
180-->[androidx.work:work-runtime:2.7.0] AndroidManifest.xml:37:17-68
181                android:value="androidx.startup" />
181-->[androidx.work:work-runtime:2.7.0] AndroidManifest.xml:38:17-49
182            <meta-data
182-->[androidx.lifecycle:lifecycle-process:2.8.6] AndroidManifest.xml:29:13-31:52
183                android:name="androidx.lifecycle.ProcessLifecycleInitializer"
183-->[androidx.lifecycle:lifecycle-process:2.8.6] AndroidManifest.xml:30:17-78
184                android:value="androidx.startup" />
184-->[androidx.lifecycle:lifecycle-process:2.8.6] AndroidManifest.xml:31:17-49
185            <meta-data
185-->[androidx.profileinstaller:profileinstaller:1.4.0] AndroidManifest.xml:29:13-31:52
186                android:name="androidx.profileinstaller.ProfileInstallerInitializer"
186-->[androidx.profileinstaller:profileinstaller:1.4.0] AndroidManifest.xml:30:17-85
187                android:value="androidx.startup" />
187-->[androidx.profileinstaller:profileinstaller:1.4.0] AndroidManifest.xml:31:17-49
188        </provider>
189
190        <service
190-->[androidx.work:work-runtime:2.7.0] AndroidManifest.xml:41:9-46:35
191            android:name="androidx.work.impl.background.systemalarm.SystemAlarmService"
191-->[androidx.work:work-runtime:2.7.0] AndroidManifest.xml:42:13-88
192            android:directBootAware="false"
192-->[androidx.work:work-runtime:2.7.0] AndroidManifest.xml:43:13-44
193            android:enabled="@bool/enable_system_alarm_service_default"
193-->[androidx.work:work-runtime:2.7.0] AndroidManifest.xml:44:13-72
194            android:exported="false" />
194-->[androidx.work:work-runtime:2.7.0] AndroidManifest.xml:45:13-37
195        <service
195-->[androidx.work:work-runtime:2.7.0] AndroidManifest.xml:47:9-53:35
196            android:name="androidx.work.impl.background.systemjob.SystemJobService"
196-->[androidx.work:work-runtime:2.7.0] AndroidManifest.xml:48:13-84
197            android:directBootAware="false"
197-->[androidx.work:work-runtime:2.7.0] AndroidManifest.xml:49:13-44
198            android:enabled="@bool/enable_system_job_service_default"
198-->[androidx.work:work-runtime:2.7.0] AndroidManifest.xml:50:13-70
199            android:exported="true"
199-->[androidx.work:work-runtime:2.7.0] AndroidManifest.xml:51:13-36
200            android:permission="android.permission.BIND_JOB_SERVICE" />
200-->[androidx.work:work-runtime:2.7.0] AndroidManifest.xml:52:13-69
201        <service
201-->[androidx.work:work-runtime:2.7.0] AndroidManifest.xml:54:9-59:35
202            android:name="androidx.work.impl.foreground.SystemForegroundService"
202-->[androidx.work:work-runtime:2.7.0] AndroidManifest.xml:55:13-81
203            android:directBootAware="false"
203-->[androidx.work:work-runtime:2.7.0] AndroidManifest.xml:56:13-44
204            android:enabled="@bool/enable_system_foreground_service_default"
204-->[androidx.work:work-runtime:2.7.0] AndroidManifest.xml:57:13-77
205            android:exported="false" />
205-->[androidx.work:work-runtime:2.7.0] AndroidManifest.xml:58:13-37
206
207        <receiver
207-->[androidx.work:work-runtime:2.7.0] AndroidManifest.xml:61:9-66:35
208            android:name="androidx.work.impl.utils.ForceStopRunnable$BroadcastReceiver"
208-->[androidx.work:work-runtime:2.7.0] AndroidManifest.xml:62:13-88
209            android:directBootAware="false"
209-->[androidx.work:work-runtime:2.7.0] AndroidManifest.xml:63:13-44
210            android:enabled="true"
210-->[androidx.work:work-runtime:2.7.0] AndroidManifest.xml:64:13-35
211            android:exported="false" />
211-->[androidx.work:work-runtime:2.7.0] AndroidManifest.xml:65:13-37
212        <receiver
212-->[androidx.work:work-runtime:2.7.0] AndroidManifest.xml:67:9-77:20
213            android:name="androidx.work.impl.background.systemalarm.ConstraintProxy$BatteryChargingProxy"
213-->[androidx.work:work-runtime:2.7.0] AndroidManifest.xml:68:13-106
214            android:directBootAware="false"
214-->[androidx.work:work-runtime:2.7.0] AndroidManifest.xml:69:13-44
215            android:enabled="false"
215-->[androidx.work:work-runtime:2.7.0] AndroidManifest.xml:70:13-36
216            android:exported="false" >
216-->[androidx.work:work-runtime:2.7.0] AndroidManifest.xml:71:13-37
217            <intent-filter>
217-->[androidx.work:work-runtime:2.7.0] AndroidManifest.xml:73:13-76:29
218                <action android:name="android.intent.action.ACTION_POWER_CONNECTED" />
218-->[androidx.work:work-runtime:2.7.0] AndroidManifest.xml:74:17-87
218-->[androidx.work:work-runtime:2.7.0] AndroidManifest.xml:74:25-84
219                <action android:name="android.intent.action.ACTION_POWER_DISCONNECTED" />
219-->[androidx.work:work-runtime:2.7.0] AndroidManifest.xml:75:17-90
219-->[androidx.work:work-runtime:2.7.0] AndroidManifest.xml:75:25-87
220            </intent-filter>
221        </receiver>
222        <receiver
222-->[androidx.work:work-runtime:2.7.0] AndroidManifest.xml:78:9-88:20
223            android:name="androidx.work.impl.background.systemalarm.ConstraintProxy$BatteryNotLowProxy"
223-->[androidx.work:work-runtime:2.7.0] AndroidManifest.xml:79:13-104
224            android:directBootAware="false"
224-->[androidx.work:work-runtime:2.7.0] AndroidManifest.xml:80:13-44
225            android:enabled="false"
225-->[androidx.work:work-runtime:2.7.0] AndroidManifest.xml:81:13-36
226            android:exported="false" >
226-->[androidx.work:work-runtime:2.7.0] AndroidManifest.xml:82:13-37
227            <intent-filter>
227-->[androidx.work:work-runtime:2.7.0] AndroidManifest.xml:84:13-87:29
228                <action android:name="android.intent.action.BATTERY_OKAY" />
228-->[androidx.work:work-runtime:2.7.0] AndroidManifest.xml:85:17-77
228-->[androidx.work:work-runtime:2.7.0] AndroidManifest.xml:85:25-74
229                <action android:name="android.intent.action.BATTERY_LOW" />
229-->[androidx.work:work-runtime:2.7.0] AndroidManifest.xml:86:17-76
229-->[androidx.work:work-runtime:2.7.0] AndroidManifest.xml:86:25-73
230            </intent-filter>
231        </receiver>
232        <receiver
232-->[androidx.work:work-runtime:2.7.0] AndroidManifest.xml:89:9-99:20
233            android:name="androidx.work.impl.background.systemalarm.ConstraintProxy$StorageNotLowProxy"
233-->[androidx.work:work-runtime:2.7.0] AndroidManifest.xml:90:13-104
234            android:directBootAware="false"
234-->[androidx.work:work-runtime:2.7.0] AndroidManifest.xml:91:13-44
235            android:enabled="false"
235-->[androidx.work:work-runtime:2.7.0] AndroidManifest.xml:92:13-36
236            android:exported="false" >
236-->[androidx.work:work-runtime:2.7.0] AndroidManifest.xml:93:13-37
237            <intent-filter>
237-->[androidx.work:work-runtime:2.7.0] AndroidManifest.xml:95:13-98:29
238                <action android:name="android.intent.action.DEVICE_STORAGE_LOW" />
238-->[androidx.work:work-runtime:2.7.0] AndroidManifest.xml:96:17-83
238-->[androidx.work:work-runtime:2.7.0] AndroidManifest.xml:96:25-80
239                <action android:name="android.intent.action.DEVICE_STORAGE_OK" />
239-->[androidx.work:work-runtime:2.7.0] AndroidManifest.xml:97:17-82
239-->[androidx.work:work-runtime:2.7.0] AndroidManifest.xml:97:25-79
240            </intent-filter>
241        </receiver>
242        <receiver
242-->[androidx.work:work-runtime:2.7.0] AndroidManifest.xml:100:9-109:20
243            android:name="androidx.work.impl.background.systemalarm.ConstraintProxy$NetworkStateProxy"
243-->[androidx.work:work-runtime:2.7.0] AndroidManifest.xml:101:13-103
244            android:directBootAware="false"
244-->[androidx.work:work-runtime:2.7.0] AndroidManifest.xml:102:13-44
245            android:enabled="false"
245-->[androidx.work:work-runtime:2.7.0] AndroidManifest.xml:103:13-36
246            android:exported="false" >
246-->[androidx.work:work-runtime:2.7.0] AndroidManifest.xml:104:13-37
247            <intent-filter>
247-->[androidx.work:work-runtime:2.7.0] AndroidManifest.xml:106:13-108:29
248                <action android:name="android.net.conn.CONNECTIVITY_CHANGE" />
248-->[androidx.work:work-runtime:2.7.0] AndroidManifest.xml:107:17-79
248-->[androidx.work:work-runtime:2.7.0] AndroidManifest.xml:107:25-76
249            </intent-filter>
250        </receiver>
251        <receiver
251-->[androidx.work:work-runtime:2.7.0] AndroidManifest.xml:110:9-121:20
252            android:name="androidx.work.impl.background.systemalarm.RescheduleReceiver"
252-->[androidx.work:work-runtime:2.7.0] AndroidManifest.xml:111:13-88
253            android:directBootAware="false"
253-->[androidx.work:work-runtime:2.7.0] AndroidManifest.xml:112:13-44
254            android:enabled="false"
254-->[androidx.work:work-runtime:2.7.0] AndroidManifest.xml:113:13-36
255            android:exported="false" >
255-->[androidx.work:work-runtime:2.7.0] AndroidManifest.xml:114:13-37
256            <intent-filter>
256-->[androidx.work:work-runtime:2.7.0] AndroidManifest.xml:116:13-120:29
257                <action android:name="android.intent.action.BOOT_COMPLETED" />
257-->[androidx.work:work-runtime:2.7.0] AndroidManifest.xml:117:17-79
257-->[androidx.work:work-runtime:2.7.0] AndroidManifest.xml:117:25-76
258                <action android:name="android.intent.action.TIME_SET" />
258-->[androidx.work:work-runtime:2.7.0] AndroidManifest.xml:118:17-73
258-->[androidx.work:work-runtime:2.7.0] AndroidManifest.xml:118:25-70
259                <action android:name="android.intent.action.TIMEZONE_CHANGED" />
259-->[androidx.work:work-runtime:2.7.0] AndroidManifest.xml:119:17-81
259-->[androidx.work:work-runtime:2.7.0] AndroidManifest.xml:119:25-78
260            </intent-filter>
261        </receiver>
262        <receiver
262-->[androidx.work:work-runtime:2.7.0] AndroidManifest.xml:122:9-131:20
263            android:name="androidx.work.impl.background.systemalarm.ConstraintProxyUpdateReceiver"
263-->[androidx.work:work-runtime:2.7.0] AndroidManifest.xml:123:13-99
264            android:directBootAware="false"
264-->[androidx.work:work-runtime:2.7.0] AndroidManifest.xml:124:13-44
265            android:enabled="@bool/enable_system_alarm_service_default"
265-->[androidx.work:work-runtime:2.7.0] AndroidManifest.xml:125:13-72
266            android:exported="false" >
266-->[androidx.work:work-runtime:2.7.0] AndroidManifest.xml:126:13-37
267            <intent-filter>
267-->[androidx.work:work-runtime:2.7.0] AndroidManifest.xml:128:13-130:29
268                <action android:name="androidx.work.impl.background.systemalarm.UpdateProxies" />
268-->[androidx.work:work-runtime:2.7.0] AndroidManifest.xml:129:17-98
268-->[androidx.work:work-runtime:2.7.0] AndroidManifest.xml:129:25-95
269            </intent-filter>
270        </receiver>
271        <receiver
271-->[androidx.work:work-runtime:2.7.0] AndroidManifest.xml:132:9-142:20
272            android:name="androidx.work.impl.diagnostics.DiagnosticsReceiver"
272-->[androidx.work:work-runtime:2.7.0] AndroidManifest.xml:133:13-78
273            android:directBootAware="false"
273-->[androidx.work:work-runtime:2.7.0] AndroidManifest.xml:134:13-44
274            android:enabled="true"
274-->[androidx.work:work-runtime:2.7.0] AndroidManifest.xml:135:13-35
275            android:exported="true"
275-->[androidx.work:work-runtime:2.7.0] AndroidManifest.xml:136:13-36